2010-12-20 23:25:44 Debug: Notice (1024): Please change the value of 'Security.salt' in app/config/core.php to a salt value specific to your application in [C:\xampp\htdocs\recomiendame\cake\libs\debugger.php, line 684]
2010-12-20 23:25:44 Debug: Notice (1024): Please change the value of 'Security.cipherSeed' in app/config/core.php to a numeric (digits only) seed value specific to your application in [C:\xampp\htdocs\recomiendame\cake\libs\debugger.php, line 688]
2010-12-20 23:26:25 Debug: Notice (8): Undefined variable: books in [C:\xampp\htdocs\recomiendame\app\views\books\index.ctp, line 9]
2010-12-20 23:26:36 Debug: Notice (8): Undefined variable: books in [C:\xampp\htdocs\recomiendame\app\views\books\index.ctp, line 9]
2010-12-20 23:26:37 Debug: Notice (8): Undefined variable: books in [C:\xampp\htdocs\recomiendame\app\views\books\index.ctp, line 9]
2010-12-20 23:28:10 Debug: Notice (8): Undefined variable: books in [C:\xampp\htdocs\recomiendame\app\views\books\index.ctp, line 9]
2010-12-20 23:28:11 Debug: Notice (8): Undefined variable: books in [C:\xampp\htdocs\recomiendame\app\views\books\index.ctp, line 9]
2010-12-20 23:28:12 Debug: Notice (8): Undefined variable: books in [C:\xampp\htdocs\recomiendame\app\views\books\index.ctp, line 9]
2010-12-20 23:29:41 Debug: Notice (8): Undefined variable: post in [C:\xampp\htdocs\recomiendame\app\views\books\index.ctp, line 12]
2010-12-20 23:29:41 Debug: Notice (8): Undefined variable: post in [C:\xampp\htdocs\recomiendame\app\views\books\index.ctp, line 14]
2010-12-20 23:29:41 Debug: Notice (8): Undefined variable: post in [C:\xampp\htdocs\recomiendame\app\views\books\index.ctp, line 15]
2010-12-20 23:29:42 Debug: Notice (8): Undefined variable: post in [C:\xampp\htdocs\recomiendame\app\views\books\index.ctp, line 12]
2010-12-20 23:29:42 Debug: Notice (8): Undefined variable: post in [C:\xampp\htdocs\recomiendame\app\views\books\index.ctp, line 14]
2010-12-20 23:29:42 Debug: Notice (8): Undefined variable: post in [C:\xampp\htdocs\recomiendame\app\views\books\index.ctp, line 15]
2010-12-20 23:30:00 Debug: Notice (8): Undefined index: Post in [C:\xampp\htdocs\recomiendame\app\views\books\index.ctp, line 15]
2010-12-20 23:30:01 Debug: Notice (8): Undefined index: Post in [C:\xampp\htdocs\recomiendame\app\views\books\index.ctp, line 15]
2010-12-20 23:30:16 Debug: Notice (8): Undefined index: Post in [C:\xampp\htdocs\recomiendame\app\views\books\index.ctp, line 15]
2010-12-20 23:30:18 Debug: Notice (8): Undefined index: Post in [C:\xampp\htdocs\recomiendame\app\views\books\index.ctp, line 15]
2010-12-20 23:30:18 Debug: Notice (8): Undefined index: Post in [C:\xampp\htdocs\recomiendame\app\views\books\index.ctp, line 15]
2010-12-20 23:32:18 Debug: Notice (8): Undefined index: Post in [C:\xampp\htdocs\recomiendame\app\views\books\index.ctp, line 15]
2010-12-20 23:32:19 Debug: Notice (8): Undefined index: Post in [C:\xampp\htdocs\recomiendame\app\views\books\index.ctp, line 15]
2010-12-20 23:32:19 Debug: Notice (8): Undefined index: Post in [C:\xampp\htdocs\recomiendame\app\views\books\index.ctp, line 15]
2010-12-20 23:34:15 Debug: Notice (8): Undefined index: Post in [C:\xampp\htdocs\recomiendame\app\views\books\index.ctp, line 15]
2010-12-20 23:34:15 Debug: Notice (8): Undefined index: Post in [C:\xampp\htdocs\recomiendame\app\views\books\index.ctp, line 15]
2010-12-20 23:34:16 Debug: Notice (8): Undefined index: Post in [C:\xampp\htdocs\recomiendame\app\views\books\index.ctp, line 15]
2010-12-20 23:35:37 Debug: Notice (8): Undefined index: Books in [C:\xampp\htdocs\recomiendame\app\views\books\index.ctp, line 14]
2010-12-20 23:35:38 Debug: Notice (8): Undefined index: Books in [C:\xampp\htdocs\recomiendame\app\views\books\index.ctp, line 14]
2010-12-22 16:13:17 Debug: Notice (8): Undefined index: author in [C:\xampp\htdocs\recomiendame\app\views\books\index.ctp, line 15]
2010-12-22 16:52:01 Debug: Notice (8): Undefined variable: ajax in [C:\xampp\htdocs\recomiendame\app\views\books\add.ctp, line 13]
2010-12-22 16:52:02 Debug: Notice (8): Undefined variable: ajax in [C:\xampp\htdocs\recomiendame\app\views\books\add.ctp, line 13]
2010-12-22 16:55:11 Debug: Notice (8): Undefined variable: ajax in [C:\xampp\htdocs\recomiendame\app\views\books\add.ctp, line 13]
2010-12-22 17:01:07 Debug: Notice (8): Undefined variable: author in [C:\xampp\htdocs\recomiendame\app\views\authors\auto_complete.ctp, line 2]
2010-12-22 17:01:08 Debug: Notice (8): Undefined variable: author in [C:\xampp\htdocs\recomiendame\app\views\authors\auto_complete.ctp, line 2]
2010-12-22 17:01:08 Debug: Notice (8): Undefined variable: author in [C:\xampp\htdocs\recomiendame\app\views\authors\auto_complete.ctp, line 2]
2010-12-22 17:03:24 Debug: Notice (8): Undefined variable: author in [C:\xampp\htdocs\recomiendame\app\views\authors\auto_complete.ctp, line 2]
2010-12-22 17:03:28 Debug: Notice (8): Undefined variable: author in [C:\xampp\htdocs\recomiendame\app\views\authors\auto_complete.ctp, line 2]
2010-12-22 17:24:14 Debug: Notice (8): Undefined variable: author_record in [C:\xampp\htdocs\recomiendame\app\controllers\books_controller.php, line 36]
2010-12-22 17:24:14 Debug: Notice (8): Undefined variable: author_record in [C:\xampp\htdocs\recomiendame\app\controllers\books_controller.php, line 37]
2010-12-22 18:26:40 Debug: Notice (8): Undefined index: created in [C:\xampp\htdocs\recomiendame\app\views\books\index.ctp, line 23]
2010-12-22 18:26:41 Debug: Notice (8): Undefined index: created in [C:\xampp\htdocs\recomiendame\app\views\books\index.ctp, line 23]
2010-12-22 19:31:54 Debug: Notice (8): Use of undefined constant data - assumed 'data' in [C:\xampp\htdocs\recomiendame\app\controllers\books_controller.php, line 27]
2010-12-22 19:31:54 Debug: Notice (8): Object of class BooksController could not be converted to int in [C:\xampp\htdocs\recomiendame\app\controllers\books_controller.php, line 27]
2010-12-22 19:55:41 Debug: Notice (8): Array to string conversion in [C:\xampp\htdocs\recomiendame\cake\libs\model\datasources\dbo_source.php, line 749]
2010-12-22 21:06:05 Debug: Notice (8): Undefined index: name in [C:\xampp\htdocs\recomiendame\app\views\books\index.ctp, line 21]
2010-12-22 21:13:25 Debug: Notice (8): Undefined variable: author_name in [C:\xampp\htdocs\recomiendame\app\controllers\books_controller.php, line 118]
2010-12-22 21:13:25 Debug: Notice (8): Undefined property: View::$Js in [C:\xampp\htdocs\recomiendame\app\views\books\edit.ctp, line 23]
2010-12-22 21:13:34 Debug: Notice (8): Undefined variable: author_name in [C:\xampp\htdocs\recomiendame\app\controllers\books_controller.php, line 118]
2010-12-22 21:13:34 Debug: Notice (8): Undefined property: View::$Js in [C:\xampp\htdocs\recomiendame\app\views\books\edit.ctp, line 23]
2010-12-22 21:14:04 Debug: Notice (8): Undefined variable: author_name in [C:\xampp\htdocs\recomiendame\app\controllers\books_controller.php, line 118]
2010-12-22 21:14:04 Debug: Notice (8): Undefined variable: author_name in [C:\xampp\htdocs\recomiendame\app\controllers\books_controller.php, line 118]
2010-12-22 21:17:50 Debug: Notice (8): Undefined variable: book in [C:\xampp\htdocs\recomiendame\app\views\books\edit.ctp, line 23]
2010-12-22 21:17:50 Debug: Notice (8): Undefined variable: book in [C:\xampp\htdocs\recomiendame\app\views\books\edit.ctp, line 24]
2010-12-22 21:17:51 Debug: Notice (8): Undefined variable: book in [C:\xampp\htdocs\recomiendame\app\views\books\edit.ctp, line 23]
2010-12-22 21:17:51 Debug: Notice (8): Undefined variable: book in [C:\xampp\htdocs\recomiendame\app\views\books\edit.ctp, line 24]
2010-12-22 21:18:03 Debug: Notice (8): Undefined variable: book in [C:\xampp\htdocs\recomiendame\app\views\books\edit.ctp, line 24]
2010-12-22 21:31:50 Debug: Notice (8): Undefined index: image in [C:\xampp\htdocs\recomiendame\app\views\books\edit.ctp, line 23]
2010-12-22 21:31:50 Debug: Notice (8): Undefined index: id in [C:\xampp\htdocs\recomiendame\app\views\books\edit.ctp, line 24]
2010-12-22 21:40:45 Debug: Notice (8): Array to string conversion in [C:\xampp\htdocs\recomiendame\cake\libs\model\datasources\dbo_source.php, line 749]
2010-12-22 21:40:45 Debug: Notice (8): Undefined index: id in [C:\xampp\htdocs\recomiendame\app\views\books\edit.ctp, line 24]
2010-12-22 21:41:30 Debug: Notice (8): Array to string conversion in [C:\xampp\htdocs\recomiendame\cake\libs\model\datasources\dbo_source.php, line 749]
2010-12-22 21:41:30 Debug: Notice (8): Undefined index: id in [C:\xampp\htdocs\recomiendame\app\views\books\edit.ctp, line 24]
2010-12-22 21:41:36 Debug: Notice (8): Array to string conversion in [C:\xampp\htdocs\recomiendame\cake\libs\model\datasources\dbo_source.php, line 749]
2010-12-22 21:41:37 Debug: Notice (8): Undefined index: id in [C:\xampp\htdocs\recomiendame\app\views\books\edit.ctp, line 24]
2010-12-22 21:42:48 Debug: Notice (8): Array to string conversion in [C:\xampp\htdocs\recomiendame\cake\libs\model\datasources\dbo_source.php, line 749]
2010-12-22 21:42:48 Debug: Notice (8): Undefined index: id in [C:\xampp\htdocs\recomiendame\app\views\books\edit.ctp, line 24]
2010-12-22 21:42:49 Debug: Notice (8): Array to string conversion in [C:\xampp\htdocs\recomiendame\cake\libs\model\datasources\dbo_source.php, line 749]
2010-12-22 21:42:49 Debug: Notice (8): Undefined index: id in [C:\xampp\htdocs\recomiendame\app\views\books\edit.ctp, line 24]
2010-12-22 21:43:00 Debug: Notice (8): Array to string conversion in [C:\xampp\htdocs\recomiendame\cake\libs\model\datasources\dbo_source.php, line 749]
2010-12-22 21:43:00 Debug: Notice (8): Undefined index: id in [C:\xampp\htdocs\recomiendame\app\views\books\edit.ctp, line 24]
2010-12-22 21:45:13 Debug: Notice (8): Undefined variable: data in [C:\xampp\htdocs\recomiendame\app\controllers\books_controller.php, line 74]
2010-12-22 21:45:13 Debug: Notice (8): Undefined index: id in [C:\xampp\htdocs\recomiendame\app\controllers\books_controller.php, line 74]
2010-12-22 21:45:49 Debug: Notice (8): Undefined index: id in [C:\xampp\htdocs\recomiendame\app\controllers\books_controller.php, line 74]
2010-12-22 21:55:54 Debug: Notice (8): Undefined variable: this__processImage in [C:\xampp\htdocs\recomiendame\app\controllers\books_controller.php, line 40]
2010-12-22 22:02:55 Debug: Notice (8): Undefined variable: action in [C:\xampp\htdocs\recomiendame\app\controllers\books_controller.php, line 103]
2010-12-22 22:06:45 Debug: Notice (8): Undefined variable: author_name in [C:\xampp\htdocs\recomiendame\app\controllers\books_controller.php, line 111]
2010-12-22 22:08:13 Debug: Notice (8): Undefined variable: data in [C:\xampp\htdocs\recomiendame\app\controllers\books_controller.php, line 40]
