2010-12-20 23:26:25 Warning: Warning (2): Invalid argument supplied for foreach() in [C:\xampp\htdocs\recomiendame\app\views\books\index.ctp, line 9]
2010-12-20 23:26:36 Warning: Warning (2): Invalid argument supplied for foreach() in [C:\xampp\htdocs\recomiendame\app\views\books\index.ctp, line 9]
2010-12-20 23:26:37 Warning: Warning (2): Invalid argument supplied for foreach() in [C:\xampp\htdocs\recomiendame\app\views\books\index.ctp, line 9]
2010-12-20 23:28:10 Warning: Warning (2): Invalid argument supplied for foreach() in [C:\xampp\htdocs\recomiendame\app\views\books\index.ctp, line 9]
2010-12-20 23:28:11 Warning: Warning (2): Invalid argument supplied for foreach() in [C:\xampp\htdocs\recomiendame\app\views\books\index.ctp, line 9]
2010-12-20 23:28:12 Warning: Warning (2): Invalid argument supplied for foreach() in [C:\xampp\htdocs\recomiendame\app\views\books\index.ctp, line 9]
2010-12-22 17:01:07 Warning: Warning (512): <span style="color:Red;text-align:left"><b>SQL Error:</b> 1054: Unknown column 'Author.subject' in 'field list'</span> in [C:\xampp\htdocs\recomiendame\cake\libs\model\datasources\dbo_source.php, line 684]
2010-12-22 17:01:07 Warning: Warning (2): Invalid argument supplied for foreach() in [C:\xampp\htdocs\recomiendame\app\views\authors\auto_complete.ctp, line 2]
2010-12-22 17:01:08 Warning: Warning (512): <span style="color:Red;text-align:left"><b>SQL Error:</b> 1054: Unknown column 'Author.subject' in 'field list'</span> in [C:\xampp\htdocs\recomiendame\cake\libs\model\datasources\dbo_source.php, line 684]
2010-12-22 17:01:08 Warning: Warning (2): Invalid argument supplied for foreach() in [C:\xampp\htdocs\recomiendame\app\views\authors\auto_complete.ctp, line 2]
2010-12-22 17:01:08 Warning: Warning (512): <span style="color:Red;text-align:left"><b>SQL Error:</b> 1054: Unknown column 'Author.subject' in 'field list'</span> in [C:\xampp\htdocs\recomiendame\cake\libs\model\datasources\dbo_source.php, line 684]
2010-12-22 17:01:08 Warning: Warning (2): Invalid argument supplied for foreach() in [C:\xampp\htdocs\recomiendame\app\views\authors\auto_complete.ctp, line 2]
2010-12-22 17:03:24 Warning: Warning (512): <span style="color:Red;text-align:left"><b>SQL Error:</b> 1054: Unknown column 'Author.subject' in 'field list'</span> in [C:\xampp\htdocs\recomiendame\cake\libs\model\datasources\dbo_source.php, line 684]
2010-12-22 17:03:24 Warning: Warning (2): Invalid argument supplied for foreach() in [C:\xampp\htdocs\recomiendame\app\views\authors\auto_complete.ctp, line 2]
2010-12-22 17:03:28 Warning: Warning (512): <span style="color:Red;text-align:left"><b>SQL Error:</b> 1054: Unknown column 'Author.subject' in 'field list'</span> in [C:\xampp\htdocs\recomiendame\cake\libs\model\datasources\dbo_source.php, line 684]
2010-12-22 17:03:28 Warning: Warning (2): Invalid argument supplied for foreach() in [C:\xampp\htdocs\recomiendame\app\views\authors\auto_complete.ctp, line 2]
2010-12-22 17:04:36 Warning: Warning (512): <span style="color:Red;text-align:left"><b>SQL Error:</b> 1054: Unknown column 'Author.subject' in 'field list'</span> in [C:\xampp\htdocs\recomiendame\cake\libs\model\datasources\dbo_source.php, line 684]
2010-12-22 17:04:36 Warning: Warning (2): Invalid argument supplied for foreach() in [C:\xampp\htdocs\recomiendame\app\views\authors\auto_complete.ctp, line 2]
2010-12-22 17:06:44 Warning: Warning (512): <span style="color:Red;text-align:left"><b>SQL Error:</b> 1054: Unknown column 'Author.subject' in 'field list'</span> in [C:\xampp\htdocs\recomiendame\cake\libs\model\datasources\dbo_source.php, line 684]
2010-12-22 17:06:51 Warning: Warning (512): <span style="color:Red;text-align:left"><b>SQL Error:</b> 1054: Unknown column 'Author.subject' in 'field list'</span> in [C:\xampp\htdocs\recomiendame\cake\libs\model\datasources\dbo_source.php, line 684]
2010-12-22 17:28:30 Warning: Warning (2): preg_match() expects parameter 2 to be string, array given in [C:\xampp\htdocs\recomiendame\cake\libs\validation.php, line 946]
2010-12-22 17:28:46 Warning: Warning (2): preg_match() expects parameter 2 to be string, array given in [C:\xampp\htdocs\recomiendame\cake\libs\validation.php, line 946]
2010-12-22 17:29:00 Warning: Warning (2): preg_match() expects parameter 2 to be string, array given in [C:\xampp\htdocs\recomiendame\cake\libs\validation.php, line 946]
2010-12-22 17:29:53 Warning: Warning (2): preg_match() expects parameter 2 to be string, array given in [C:\xampp\htdocs\recomiendame\cake\libs\validation.php, line 946]
2010-12-22 18:09:00 Warning: Warning (2): Cannot modify header information - headers already sent by (output started at C:\xampp\htdocs\recomiendame\app\controllers\books_controller.php:1) in [C:\xampp\htdocs\recomiendame\cake\libs\controller\controller.php, line 746]
2010-12-22 18:09:51 Warning: Warning (2): Cannot modify header information - headers already sent by (output started at C:\xampp\htdocs\recomiendame\app\controllers\books_controller.php:1) in [C:\xampp\htdocs\recomiendame\cake\libs\controller\controller.php, line 746]
2010-12-22 18:10:36 Warning: Warning (2): Cannot modify header information - headers already sent by (output started at C:\xampp\htdocs\recomiendame\app\controllers\books_controller.php:1) in [C:\xampp\htdocs\recomiendame\cake\libs\controller\controller.php, line 746]
2010-12-22 18:13:01 Warning: Warning (2): Cannot modify header information - headers already sent by (output started at C:\xampp\htdocs\recomiendame\app\controllers\books_controller.php:1) in [C:\xampp\htdocs\recomiendame\cake\libs\controller\controller.php, line 746]
2010-12-22 19:50:38 Warning: Warning (2): move_uploaded_file(/recomiendame/app/webroot/img/books/4fa09587527dcd403cddef3e71b88a41) [<a href='http://php.net/function.move-uploaded-file'>function.move-uploaded-file</a>]: failed to open stream: No such file or directory in [C:\xampp\htdocs\recomiendame\app\controllers\books_controller.php, line 56]
2010-12-22 19:50:38 Warning: Warning (2): move_uploaded_file() [<a href='http://php.net/function.move-uploaded-file'>function.move-uploaded-file</a>]: Unable to move 'C:\xampp\tmp\php4B.tmp' to '/recomiendame/app/webroot/img/books/4fa09587527dcd403cddef3e71b88a41' in [C:\xampp\htdocs\recomiendame\app\controllers\books_controller.php, line 56]
2010-12-22 19:50:38 Warning: Warning (2): Cannot modify header information - headers already sent by (output started at C:\xampp\htdocs\recomiendame\cake\libs\debugger.php:673) in [C:\xampp\htdocs\recomiendame\cake\libs\controller\controller.php, line 746]
2010-12-22 19:55:41 Warning: Warning (512): <span style="color:Red;text-align:left"><b>SQL Error:</b> 1054: Unknown column 'Array' in 'field list'</span> in [C:\xampp\htdocs\recomiendame\cake\libs\model\datasources\dbo_source.php, line 684]
2010-12-22 20:16:15 Warning: Warning (2): getimagesize(picture.jpg) [<a href='http://php.net/function.getimagesize'>function.getimagesize</a>]: failed to open stream: No such file or directory in [C:\xampp\htdocs\recomiendame\app\controllers\components\simple_image.php, line 28]
2010-12-22 20:16:15 Warning: Warning (2): imagesx() expects parameter 1 to be resource, null given in [C:\xampp\htdocs\recomiendame\app\controllers\components\simple_image.php, line 60]
2010-12-22 20:16:15 Warning: Warning (2): imagesy() expects parameter 1 to be resource, null given in [C:\xampp\htdocs\recomiendame\app\controllers\components\simple_image.php, line 63]
2010-12-22 20:16:15 Warning: Warning (2): imagecopyresampled() expects parameter 2 to be resource, null given in [C:\xampp\htdocs\recomiendame\app\controllers\components\simple_image.php, line 82]
2010-12-22 20:18:49 Warning: Warning (2): Cannot modify header information - headers already sent by (output started at C:\xampp\htdocs\recomiendame\app\controllers\components\simple_image.php:88) in [C:\xampp\htdocs\recomiendame\cake\libs\controller\controller.php, line 746]
2010-12-22 20:24:20 Warning: Warning (2): unlink(C:\xampp\htdocs\recomiendame\app\webroot\img/books/f970e2767d0cfe75876ea857f92e319b.jpg) [<a href='http://php.net/function.unlink'>function.unlink</a>]: No such file or directory in [C:\xampp\htdocs\recomiendame\app\controllers\books_controller.php, line 93]
2010-12-22 20:24:20 Warning: Warning (2): Cannot modify header information - headers already sent by (output started at C:\xampp\htdocs\recomiendame\cake\libs\debugger.php:673) in [C:\xampp\htdocs\recomiendame\cake\libs\controller\controller.php, line 746]
2010-12-22 21:40:45 Warning: Warning (512): <span style="color:Red;text-align:left"><b>SQL Error:</b> 1054: Unknown column 'Array' in 'field list'</span> in [C:\xampp\htdocs\recomiendame\cake\libs\model\datasources\dbo_source.php, line 684]
2010-12-22 21:41:30 Warning: Warning (512): <span style="color:Red;text-align:left"><b>SQL Error:</b> 1054: Unknown column 'Array' in 'field list'</span> in [C:\xampp\htdocs\recomiendame\cake\libs\model\datasources\dbo_source.php, line 684]
2010-12-22 21:41:37 Warning: Warning (512): <span style="color:Red;text-align:left"><b>SQL Error:</b> 1054: Unknown column 'Array' in 'field list'</span> in [C:\xampp\htdocs\recomiendame\cake\libs\model\datasources\dbo_source.php, line 684]
2010-12-22 21:42:48 Warning: Warning (512): <span style="color:Red;text-align:left"><b>SQL Error:</b> 1054: Unknown column 'Array' in 'field list'</span> in [C:\xampp\htdocs\recomiendame\cake\libs\model\datasources\dbo_source.php, line 684]
2010-12-22 21:42:49 Warning: Warning (512): <span style="color:Red;text-align:left"><b>SQL Error:</b> 1054: Unknown column 'Array' in 'field list'</span> in [C:\xampp\htdocs\recomiendame\cake\libs\model\datasources\dbo_source.php, line 684]
2010-12-22 21:43:00 Warning: Warning (512): <span style="color:Red;text-align:left"><b>SQL Error:</b> 1054: Unknown column 'Array' in 'field list'</span> in [C:\xampp\htdocs\recomiendame\cake\libs\model\datasources\dbo_source.php, line 684]
2010-12-22 21:45:49 Warning: Warning (2): Cannot modify header information - headers already sent by (output started at C:\xampp\htdocs\recomiendame\cake\libs\debugger.php:673) in [C:\xampp\htdocs\recomiendame\cake\libs\controller\controller.php, line 746]
2010-12-22 22:02:55 Warning: Warning (2): Cannot modify header information - headers already sent by (output started at C:\xampp\htdocs\recomiendame\cake\libs\debugger.php:673) in [C:\xampp\htdocs\recomiendame\cake\libs\controller\controller.php, line 746]
2010-12-22 22:03:08 Warning: Warning (2): unlink(C:\xampp\htdocs\recomiendame\app\webroot\img/books/) [<a href='http://php.net/function.unlink'>function.unlink</a>]: Permission denied in [C:\xampp\htdocs\recomiendame\app\controllers\books_controller.php, line 141]
2010-12-22 22:03:08 Warning: Warning (2): Cannot modify header information - headers already sent by (output started at C:\xampp\htdocs\recomiendame\cake\libs\debugger.php:673) in [C:\xampp\htdocs\recomiendame\cake\libs\controller\controller.php, line 746]
2010-12-22 22:06:45 Warning: Warning (2): Cannot modify header information - headers already sent by (output started at C:\xampp\htdocs\recomiendame\cake\libs\debugger.php:673) in [C:\xampp\htdocs\recomiendame\cake\libs\controller\controller.php, line 746]
2010-12-22 22:08:13 Warning: Warning (2): Cannot modify header information - headers already sent by (output started at C:\xampp\htdocs\recomiendame\cake\libs\debugger.php:673) in [C:\xampp\htdocs\recomiendame\cake\libs\controller\controller.php, line 746]
2010-12-22 22:08:58 Warning: Warning (2): unlink(C:\xampp\htdocs\recomiendame\app\webroot\img/books/) [<a href='http://php.net/function.unlink'>function.unlink</a>]: Permission denied in [C:\xampp\htdocs\recomiendame\app\controllers\books_controller.php, line 141]
2010-12-22 22:08:58 Warning: Warning (2): Cannot modify header information - headers already sent by (output started at C:\xampp\htdocs\recomiendame\cake\libs\debugger.php:673) in [C:\xampp\htdocs\recomiendame\cake\libs\controller\controller.php, line 746]
2010-12-22 22:10:56 Warning: Warning (2): unlink(C:\xampp\htdocs\recomiendame\app\webroot\img/books/) [<a href='http://php.net/function.unlink'>function.unlink</a>]: Permission denied in [C:\xampp\htdocs\recomiendame\app\controllers\books_controller.php, line 141]
2010-12-22 22:10:56 Warning: Warning (2): Cannot modify header information - headers already sent by (output started at C:\xampp\htdocs\recomiendame\cake\libs\debugger.php:673) in [C:\xampp\htdocs\recomiendame\cake\libs\controller\controller.php, line 746]
